0.) Find some learning material.

1.) Evaluate his own answers. By scoring for 0-10. 0 is user left the conversation. 10 user added 10 lines.

2.) Give the answer not only by the last line, but the last 5 lines. Goal: inderstand if someone teaches "you are" instead of "i am"

3.) Identify stopwords automatically.

4.) Identify reactions by users (eg. words), that predicts longer conversations.

5.) Ger prepared for typos.

=================
DONE --- 0.) Do the chat interface.


DONE ---   0.) Make JSON files prettier!

DONE --- 3.) Evaluate the learnt knowledge. If an answer comes up twice, it add +1 to the end of the line in the knowledge.csv file!
eg. What's your name
What's your name
Howdy
Howdy
What's my name?
What's your name?
Howdy

DONE --- 4.) Do not count lower/uppercases and punctuation.

NOT IMPORTANT -- 5.) Get prepared for typos.


============